INFO  2019-09-05 13:01:52 [main] Lessons.Lesson_6.Lesson_6CodeSamples (Lesson_6CodeSamples.java:11) - Info
WARN  2019-09-05 13:01:52 [main] Lessons.Lesson_6.Lesson_6CodeSamples (Lesson_6CodeSamples.java:12) - Warn
ERROR 2019-09-05 13:01:52 [main] Lessons.Lesson_6.Lesson_6CodeSamples (Lesson_6CodeSamples.java:13) - Error
FATAL 2019-09-05 13:01:52 [main] Lessons.Lesson_6.Lesson_6CodeSamples (Lesson_6CodeSamples.java:14) - Fatal
INFO  2019-09-05 13:01:52 [main] Lessons.Lesson_6.Lesson_6CodeSamples (Lesson_6CodeSamples.java:15) - String: Hello World.
DEBUG 2019-09-05 13:07:12 [main] Lessons.Lesson_6.Lesson_6CodeSamples (Lesson_6CodeSamples.java:10) - Debug
INFO  2019-09-05 13:07:12 [main] Lessons.Lesson_6.Lesson_6CodeSamples (Lesson_6CodeSamples.java:11) - Info
WARN  2019-09-05 13:07:12 [main] Lessons.Lesson_6.Lesson_6CodeSamples (Lesson_6CodeSamples.java:12) - Warn
ERROR 2019-09-05 13:07:12 [main] Lessons.Lesson_6.Lesson_6CodeSamples (Lesson_6CodeSamples.java:13) - Error
FATAL 2019-09-05 13:07:12 [main] Lessons.Lesson_6.Lesson_6CodeSamples (Lesson_6CodeSamples.java:14) - Fatal
INFO  2019-09-05 13:07:12 [main] Lessons.Lesson_6.Lesson_6CodeSamples (Lesson_6CodeSamples.java:15) - String: Hello World.
DEBUG 2019-09-05 13:07:36 [main] Lessons.Lesson_6.Lesson_6CodeSamples (Lesson_6CodeSamples.java:10) - Debug
INFO  2019-09-05 13:07:36 [main] Lessons.Lesson_6.Lesson_6CodeSamples (Lesson_6CodeSamples.java:11) - Info
WARN  2019-09-05 13:07:36 [main] Lessons.Lesson_6.Lesson_6CodeSamples (Lesson_6CodeSamples.java:12) - Warn
ERROR 2019-09-05 13:07:36 [main] Lessons.Lesson_6.Lesson_6CodeSamples (Lesson_6CodeSamples.java:13) - Error
FATAL 2019-09-05 13:07:36 [main] Lessons.Lesson_6.Lesson_6CodeSamples (Lesson_6CodeSamples.java:14) - Fatal
INFO  2019-09-05 13:07:36 [main] Lessons.Lesson_6.Lesson_6CodeSamples (Lesson_6CodeSamples.java:15) - String: Hello World.
TRACE 2019-09-05 13:07:36 [main] Lessons.Lesson_6.Lesson_6CodeSamples (Lesson_6CodeSamples.java:16) - Lessons.Lesson_6.Lesson_6CodeSamples@3d8314f0
INFO  2019-09-05 13:08:03 [main] Lessons.Lesson_6.Lesson_6CodeSamples (Lesson_6CodeSamples.java:11) - Info
WARN  2019-09-05 13:08:03 [main] Lessons.Lesson_6.Lesson_6CodeSamples (Lesson_6CodeSamples.java:12) - Warn
ERROR 2019-09-05 13:08:03 [main] Lessons.Lesson_6.Lesson_6CodeSamples (Lesson_6CodeSamples.java:13) - Error
FATAL 2019-09-05 13:08:03 [main] Lessons.Lesson_6.Lesson_6CodeSamples (Lesson_6CodeSamples.java:14) - Fatal
INFO  2019-09-05 13:08:03 [main] Lessons.Lesson_6.Lesson_6CodeSamples (Lesson_6CodeSamples.java:15) - String: Hello World.
DEBUG 2019-09-05 13:09:38 [main] Lessons.Lesson_6.Lesson_6CodeSamples (Lesson_6CodeSamples.java:10) - Debug
INFO  2019-09-05 13:09:38 [main] Lessons.Lesson_6.Lesson_6CodeSamples (Lesson_6CodeSamples.java:11) - Info
WARN  2019-09-05 13:09:38 [main] Lessons.Lesson_6.Lesson_6CodeSamples (Lesson_6CodeSamples.java:12) - Warn
ERROR 2019-09-05 13:09:38 [main] Lessons.Lesson_6.Lesson_6CodeSamples (Lesson_6CodeSamples.java:13) - Error
FATAL 2019-09-05 13:09:38 [main] Lessons.Lesson_6.Lesson_6CodeSamples (Lesson_6CodeSamples.java:14) - Fatal
INFO  2019-09-05 13:09:38 [main] Lessons.Lesson_6.Lesson_6CodeSamples (Lesson_6CodeSamples.java:15) - String: Hello World.
DEBUG 2019-09-05 13:10:13 [main] Lessons.Lesson_6.Lesson_6CodeSamples (Lesson_6CodeSamples.java:10) - Debug
INFO  2019-09-05 13:10:13 [main] Lessons.Lesson_6.Lesson_6CodeSamples (Lesson_6CodeSamples.java:11) - Info
WARN  2019-09-05 13:10:13 [main] Lessons.Lesson_6.Lesson_6CodeSamples (Lesson_6CodeSamples.java:12) - Warn
ERROR 2019-09-05 13:10:13 [main] Lessons.Lesson_6.Lesson_6CodeSamples (Lesson_6CodeSamples.java:13) - Error
FATAL 2019-09-05 13:10:13 [main] Lessons.Lesson_6.Lesson_6CodeSamples (Lesson_6CodeSamples.java:14) - Fatal
INFO  2019-09-05 13:10:13 [main] Lessons.Lesson_6.Lesson_6CodeSamples (Lesson_6CodeSamples.java:15) - String: Hello World.
DEBUG 2019-09-05 13:10:25 [main] Lessons.Lesson_6.Lesson_6CodeSamples (Lesson_6CodeSamples.java:10) - Debug
INFO  2019-09-05 13:10:25 [main] Lessons.Lesson_6.Lesson_6CodeSamples (Lesson_6CodeSamples.java:11) - Info
WARN  2019-09-05 13:10:25 [main] Lessons.Lesson_6.Lesson_6CodeSamples (Lesson_6CodeSamples.java:12) - Warn
ERROR 2019-09-05 13:10:25 [main] Lessons.Lesson_6.Lesson_6CodeSamples (Lesson_6CodeSamples.java:13) - Error
FATAL 2019-09-05 13:10:25 [main] Lessons.Lesson_6.Lesson_6CodeSamples (Lesson_6CodeSamples.java:14) - Fatal
INFO  2019-09-05 13:10:25 [main] Lessons.Lesson_6.Lesson_6CodeSamples (Lesson_6CodeSamples.java:15) - String: Hello World.
DEBUG 2019-09-05 13:13:45 [main] Lessons.Lesson_6.Lesson_6CodeSamples (Lesson_6CodeSamples.java:10) - Debug
INFO  2019-09-05 13:13:45 [main] Lessons.Lesson_6.Lesson_6CodeSamples (Lesson_6CodeSamples.java:11) - Info
WARN  2019-09-05 13:13:45 [main] Lessons.Lesson_6.Lesson_6CodeSamples (Lesson_6CodeSamples.java:12) - Warn
ERROR 2019-09-05 13:13:45 [main] Lessons.Lesson_6.Lesson_6CodeSamples (Lesson_6CodeSamples.java:13) - Error
FATAL 2019-09-05 13:13:45 [main] Lessons.Lesson_6.Lesson_6CodeSamples (Lesson_6CodeSamples.java:14) - Fatal
INFO  2019-09-05 13:13:45 [main] Lessons.Lesson_6.Lesson_6CodeSamples (Lesson_6CodeSamples.java:15) - String: Hello World.
DEBUG 2019-09-05 13:15:21 [main] Lessons.Lesson_6.Lesson_6CodeSamples (Lesson_6CodeSamples.java:10) - Debug
INFO  2019-09-05 13:15:21 [main] Lessons.Lesson_6.Lesson_6CodeSamples (Lesson_6CodeSamples.java:11) - Info
WARN  2019-09-05 13:15:21 [main] Lessons.Lesson_6.Lesson_6CodeSamples (Lesson_6CodeSamples.java:12) - Warn
ERROR 2019-09-05 13:15:21 [main] Lessons.Lesson_6.Lesson_6CodeSamples (Lesson_6CodeSamples.java:13) - Error
FATAL 2019-09-05 13:15:21 [main] Lessons.Lesson_6.Lesson_6CodeSamples (Lesson_6CodeSamples.java:14) - Fatal
INFO  2019-09-05 13:15:21 [main] Lessons.Lesson_6.Lesson_6CodeSamples (Lesson_6CodeSamples.java:15) - String: Hello World.
INFO  2019-09-06 16:03:49 [main] zChat.Server.Server (Server.java:35) - Server started
INFO  2019-09-06 16:04:48 [pool-2-thread-1] zChat.Server.Server (Server.java:107) - Client connected: nickname321
ERROR 2019-09-06 16:05:03 [pool-2-thread-1] zChat.Server.ClientHandler (ClientHandler.java:28) - java.net.SocketExceptionConnection reset
INFO  2019-09-06 16:11:22 [main] zChat.Server.Server (Server.java:35) - Server started
INFO  2019-09-06 16:11:48 [main] zChat.Server.Server (Server.java:35) - Server started
INFO  2019-09-06 16:13:01 [pool-2-thread-1] zChat.Server.Server (Server.java:107) - Client connected: nickname321
INFO  2019-09-06 16:13:05 [pool-2-thread-1] zChat.Server.ClientHandler (ClientHandler.java:96) - nickname321 : 321
INFO  2019-09-06 16:13:35 [main] zChat.Server.Server (Server.java:35) - Server started
INFO  2019-09-06 16:15:10 [pool-2-thread-1] zChat.Server.Server (Server.java:107) - Client connected: nickname321
INFO  2019-09-06 16:15:13 [pool-2-thread-1] zChat.Server.ClientHandler (ClientHandler.java:96) - nickname321 : 321
INFO  2019-09-06 16:15:33 [pool-2-thread-1] zChat.Server.ClientHandler (ClientHandler.java:96) - nickname321 : 321
INFO  2019-09-06 16:15:52 [main] zChat.Server.Server (Server.java:35) - Server started
INFO  2019-09-06 16:18:23 [main] zChat.Server.Server (Server.java:35) - Server started
INFO  2019-09-06 16:18:54 [pool-2-thread-1] zChat.Server.Server (Server.java:107) - Client connected: nickname321
INFO  2019-09-06 16:18:59 [pool-2-thread-1] zChat.Server.ClientHandler (ClientHandler.java:96) - nickname321 : 321
INFO  2019-09-06 16:19:26 [pool-2-thread-2] zChat.Server.Server (Server.java:107) - Client connected: nickname2
INFO  2019-09-06 16:19:30 [pool-2-thread-1] zChat.Server.ClientHandler (ClientHandler.java:96) - nickname321 : 32113133
INFO  2019-09-06 16:19:34 [pool-2-thread-2] zChat.Server.ClientHandler (ClientHandler.java:96) - nickname2 : 11111
ERROR 2019-09-06 16:19:50 [pool-2-thread-2] zChat.Server.ClientHandler (ClientHandler.java:27) - java.net.SocketExceptionConnection reset
